\BOOKMARK [0][-]{chapter*.1}{\376\377\122\115\212\000}{}% 1
\BOOKMARK [-1][-]{part.1}{\376\377\000I\000\040\163\260\133\236\122\006\145\057\377\032\157\024\123\026\156\070\142\017\116\016\123\206\123\362\142\323\142\121\000\040\000\050\000E\000x\000p\000l\000o\000r\000a\000t\000i\000o\000n\000\040\000T\000r\000a\000c\000k\000\051}{}% 2
\BOOKMARK [0][-]{chapter.1}{\376\377\133\374\213\272\377\032\215\167\160\271\166\204\213\276\133\232}{part.1}% 3
\BOOKMARK [1][-]{section.1.1}{\376\377\133\207\133\231\116\016\127\060\164\003\166\204\127\372\170\100\123\302\145\160}{chapter.1}% 4
\BOOKMARK [1][-]{section.1.2}{\376\377\120\166\161\066\116\016\137\305\161\066\166\204\153\324\117\213\377\032\123\206\123\362\166\204\147\141\116\366\151\202\163\207}{chapter.1}% 5
\BOOKMARK [1][-]{section.1.3}{\376\377\116\316\165\037\133\130\123\213\122\233\122\060\171\076\117\032\176\323\147\204}{chapter.1}% 6
\BOOKMARK [0][-]{chapter.2}{\376\377\176\317\155\116\163\260\133\236\377\032\117\233\154\102\116\016\116\015\133\214\121\150\117\341\140\157}{part.1}% 7
\BOOKMARK [1][-]{section.2.1}{\376\377\117\233\154\102\121\163\174\373\166\204\147\054\215\050\213\244\124\014}{chapter.2}% 8
\BOOKMARK [1][-]{section.2.2}{\376\377\116\015\133\371\171\360\117\341\140\157\116\016\217\375\155\250\147\100\215\314}{chapter.2}% 9
\BOOKMARK [1][-]{section.2.3}{\376\377\125\106\116\032\220\073\217\221\166\204\201\352\161\066\157\024\123\026}{chapter.2}% 10
\BOOKMARK [0][-]{chapter.3}{\376\377\145\077\154\273\163\260\133\236\377\032\147\103\122\233\166\204\142\275\214\141\116\016\215\113\116\210}{part.1}% 11
\BOOKMARK [1][-]{section.3.1}{\376\377\147\103\122\233\123\163\121\161\213\306\377\032\133\371\124\175\116\344\166\204\213\244\124\014}{chapter.3}% 12
\BOOKMARK [1][-]{section.3.2}{\376\377\200\114\200\375\166\204\142\275\214\141\123\026\377\032\116\316\116\052\116\272\122\060\176\304\176\307}{chapter.3}% 13
\BOOKMARK [1][-]{section.3.3}{\376\377\122\051\166\312\116\244\143\142\377\032\136\046\147\011\120\117\131\175\166\204\176\317\155\116\133\146}{chapter.3}% 14
\BOOKMARK [0][-]{chapter.4}{\376\377\145\207\123\026\163\260\133\236\377\032\152\041\126\340\166\204\117\040\144\255\137\072\136\246}{part.1}% 15
\BOOKMARK [1][-]{section.4.1}{\376\377\140\305\176\352\116\016\161\175\122\250\377\032\116\015\225\356\145\271\124\021\377\014\117\106\154\102\137\072\136\246}{chapter.4}% 16
\BOOKMARK [1][-]{section.4.2}{\376\377\200\314\146\157\117\341\140\157\116\016\040\034\116\015\133\214\131\007\040\035\166\204\133\232\116\111}{chapter.4}% 17
\BOOKMARK [-1][-]{part.2}{\376\377\000I\000I\000\040\121\154\164\006\123\026\117\123\174\373\377\032\176\323\147\204\060\001\117\341\140\157\116\016\122\250\122\233\133\146\000\040\000\050\000F\000o\000u\000n\000d\000a\000t\000i\000o\000n\000\040\000T\000r\000a\000c\000k\000\051}{}% 18
\BOOKMARK [0][-]{chapter.5}{\376\377\173\054\116\000\121\154\164\006\377\032\117\341\140\157\116\016\176\323\147\204\123\026}{part.2}% 19
\BOOKMARK [1][-]{section.5.1}{\376\377\122\006\174\173\116\016\174\227\174\222\123\026\000\040\000\050\000C\000o\000a\000r\000s\000e\000-\000g\000r\000a\000i\000n\000i\000n\000g\000\051}{chapter.5}% 20
\BOOKMARK [2][-]{subsection.5.1.1}{\376\377\122\006\174\173\166\204\145\340\116\244\140\047\116\016\133\214\121\150\140\047}{section.5.1}% 21
\BOOKMARK [2][-]{subsection.5.1.2}{\376\377\122\006\174\173\174\276\176\306\136\246\116\016\213\357\135\356\122\006\147\220}{section.5.1}% 22
\BOOKMARK [1][-]{section.5.2}{\376\377\117\341\140\157\123\213\177\051\116\016\177\026\170\001}{chapter.5}% 23
\BOOKMARK [2][-]{subsection.5.2.1}{\376\377\147\011\143\137\123\213\177\051\377\032\213\355\212\000\116\016\142\275\214\141}{section.5.2}% 24
\BOOKMARK [2][-]{subsection.5.2.2}{\376\377\145\340\143\137\123\213\177\051\377\032\230\221\163\207\155\076\116\016\123\330\225\177\177\026\170\001}{section.5.2}% 25
\BOOKMARK [0][-]{chapter.6}{\376\377\157\024\123\026\122\250\122\233\133\146\377\032\174\373\176\337\166\204\145\160\133\146\143\317\217\360}{part.2}% 26
\BOOKMARK [1][-]{section.6.1}{\376\377\162\266\140\001\172\172\225\364\166\204\133\232\116\111}{chapter.6}% 27
\BOOKMARK [1][-]{section.6.2}{\376\377\122\250\122\233\133\146\145\271\172\013\377\032\116\316\162\133\230\177\122\060\171\076\117\032\122\233}{chapter.6}% 28
\BOOKMARK [2][-]{subsection.6.2.1}{\376\377\137\256\122\006\145\271\172\013\116\016\137\252\163\257\126\340\147\234}{section.6.2}% 29
\BOOKMARK [2][-]{subsection.6.2.2}{\376\377\201\352\143\007\116\016\201\352\213\301\230\204\212\000\000\040\000\050\000S\000e\000l\000f\000-\000R\000e\000f\000l\000e\000x\000i\000v\000i\000t\000y\000\051}{section.6.2}% 30
\BOOKMARK [1][-]{section.6.3}{\376\377\122\277\226\061\116\016\172\063\140\001\377\032\142\311\150\074\147\027\145\345\211\306\211\322}{chapter.6}% 31
\BOOKMARK [2][-]{subsection.6.3.1}{\376\377\171\076\117\032\122\277\200\375\116\016\136\177\116\111\122\250\221\317}{section.6.3}% 32
\BOOKMARK [2][-]{subsection.6.3.2}{\376\377\147\106\166\204\144\107\146\103\377\032\122\250\221\317\116\016\172\063\133\232\140\047\166\204\174\173\153\324}{section.6.3}% 33
\BOOKMARK [0][-]{chapter.7}{\376\377\116\313\211\302\176\337\116\000\213\272\377\032\152\041\126\340\060\001\176\317\155\116\116\016\145\077\154\273\166\204\217\154\143\142}{part.2}% 34
\BOOKMARK [1][-]{section.7.1}{\376\377\152\041\126\340\176\337\116\000\211\306\211\322}{chapter.7}% 35
\BOOKMARK [2][-]{subsection.7.1.1}{\376\377\176\317\155\116\377\032\123\213\177\051\120\117\131\175\166\204\221\321\224\261\152\041\126\340}{section.7.1}% 36
\BOOKMARK [2][-]{subsection.7.1.2}{\376\377\145\077\154\273\377\032\136\046\147\011\120\117\131\175\166\204\122\051\166\312\116\244\143\142}{section.7.1}% 37
\BOOKMARK [1][-]{section.7.2}{\376\377\133\210\140\122\137\213\116\016\177\121\176\334\140\047\215\050}{chapter.7}% 38
\BOOKMARK [2][-]{subsection.7.2.1}{\376\377\176\317\155\116\177\121\176\334\166\204\116\367\120\074\133\210\140\122}{section.7.2}% 39
\BOOKMARK [2][-]{subsection.7.2.2}{\376\377\145\077\154\273\116\244\143\142\166\204\122\051\166\312\133\210\140\122}{section.7.2}% 40
\BOOKMARK [2][-]{subsection.7.2.3}{\376\377\145\207\123\026\117\040\144\255\166\204\227\136\133\210\140\122\140\047\377\010\145\340\123\213\142\151\130\236\377\011}{section.7.2}% 41
\BOOKMARK [0][-]{chapter.8}{\376\377\126\340\147\234\116\016\215\043\116\373\377\032\147\141\116\366\151\202\163\207\166\204\154\325\137\213\136\224\165\050}{part.2}% 42
\BOOKMARK [1][-]{section.8.1}{\376\377\131\032\224\376\147\141\126\340\147\234\122\006\147\220}{chapter.8}% 43
\BOOKMARK [1][-]{section.8.2}{\376\377\147\141\116\366\151\202\163\207\116\016\215\043\116\373\122\022\137\122}{chapter.8}% 44
\BOOKMARK [0][-]{chapter.9}{\376\377\116\272\133\130\123\237\164\006\116\016\163\260\214\141\137\122\176\263}{part.2}% 45
\BOOKMARK [1][-]{section.9.1}{\376\377\163\260\214\141\137\122\176\263\166\204\220\002\165\050\217\271\165\114}{chapter.9}% 46
\BOOKMARK [1][-]{section.9.2}{\376\377\116\272\133\130\123\237\164\006\377\032\136\170\133\130\200\005\120\117\135\356\166\204\162\151\164\006\123\026}{chapter.9}% 47
\BOOKMARK [1][-]{section.9.3}{\376\377\173\111\145\110\146\362\176\277\142\337\124\010\116\016\126\152\130\360\213\304\117\060}{chapter.9}% 48
\BOOKMARK [-1][-]{part.3}{\376\377\000I\000I\000I\000\040\226\104\137\125\377\032\135\345\121\167\116\016\145\271\154\325\213\272\175\042\137\025}{}% 49
\BOOKMARK [0][-]{appendix.A}{\376\377\145\160\133\146\135\345\121\167\213\346\211\343}{part.3}% 50
\BOOKMARK [1][-]{section.A.1}{\376\377\117\341\140\157\213\272\127\372\170\100\377\032\116\316\231\231\121\234\122\060\123\330\225\177\177\026\170\001}{appendix.A}% 51
\BOOKMARK [1][-]{section.A.2}{\376\377\122\250\122\233\174\373\176\337\172\063\133\232\140\047\122\006\147\220}{appendix.A}% 52
\BOOKMARK [1][-]{section.A.3}{\376\377\131\015\147\102\174\373\176\337\166\204\151\202\163\207\213\304\117\060\145\271\154\325}{appendix.A}% 53
\BOOKMARK [0][-]{appendix.B}{\376\377\160\165\141\037\147\145\156\220\116\016\201\364\214\042}{part.3}% 54
\BOOKMARK [1][-]{section.B.1}{\376\377\121\163\116\216\147\013\123\313\116\354\166\204\124\057\123\321\140\047\213\250\213\272\000\040\000\050\000s\000b\000b\000m\000,\000\040\000c\000t\000t\000,\000\040\000g\000c\000r\173\111\000\051}{appendix.B}% 55
\BOOKMARK [1][-]{section.B.2}{\376\377\143\250\203\120\226\005\213\373\116\016\175\042\137\025\127\060\126\376}{appendix.B}% 56
