\BOOKMARK [-1][-]{part.1}{\376\377\000I\000\040\150\070\137\303\220\073\217\221\377\032\201\352\161\066\060\001\176\323\147\204\116\016\213\355\212\000\000\040\000\050\000T\000h\000e\000\040\000C\000o\000r\000e\000\040\000L\000o\000o\000p\000\051}{}% 1
\BOOKMARK [0][-]{chapter.1}{\376\377\201\352\161\066\163\260\214\141\377\032\122\250\122\233\116\016\155\367\116\161}{part.1}% 2
\BOOKMARK [1][-]{section.1.1}{\376\377\147\000\127\372\147\054\166\204\122\250\122\233\377\032\161\265\130\236\116\016\200\375\221\317\155\101}{chapter.1}% 3
\BOOKMARK [1][-]{section.1.2}{\376\377\153\041\176\247\116\247\165\037\166\204\163\260\214\141\377\032\200\027\145\143\176\323\147\204}{chapter.1}% 4
\BOOKMARK [0][-]{chapter.2}{\376\377\176\323\147\204\116\016\145\110\163\207\377\032\165\037\133\130\166\204\162\151\164\006\133\146}{part.1}% 5
\BOOKMARK [1][-]{section.2.1}{\376\377\201\352\161\066\220\011\142\351\117\134\116\072\217\307\156\344\126\150}{chapter.2}% 6
\BOOKMARK [1][-]{section.2.2}{\376\377\176\323\147\204\146\057\145\110\163\207\166\204\162\151\164\006\126\372\123\026}{chapter.2}% 7
\BOOKMARK [1][-]{section.2.3}{\376\377\150\110\117\213\377\032\116\316\146\166\117\123\122\060\165\037\162\151\176\304\176\307\166\204\137\305\161\066\140\047}{chapter.2}% 8
\BOOKMARK [0][-]{chapter.3}{\376\377\213\355\212\000\116\016\117\341\140\157\377\032\122\006\174\173\166\204\145\271\154\325\213\272}{part.1}% 9
\BOOKMARK [1][-]{section.3.1}{\376\377\213\355\212\000\123\163\117\341\140\157\117\040\220\022}{chapter.3}% 10
\BOOKMARK [1][-]{section.3.2}{\376\377\176\323\147\204\166\204\142\275\214\141\210\150\171\072\377\032\122\006\174\173\000\040\000\050\000C\000l\000a\000s\000s\000i\000f\000i\000c\000a\000t\000i\000o\000n\000\051}{chapter.3}% 11
\BOOKMARK [2][-]{subsection.3.2.1}{\376\377\122\006\174\173\166\204\147\054\215\050\377\032\174\227\174\222\123\026\000\040\000\050\000C\000o\000a\000r\000s\000e\000-\000g\000r\000a\000i\000n\000i\000n\000g\000\051}{section.3.2}% 12
\BOOKMARK [2][-]{subsection.3.2.2}{\376\377\122\006\174\173\166\204\116\343\116\367\377\032\117\341\140\157\143\137\131\061\116\016\213\357\135\356\122\006\147\220}{section.3.2}% 13
\BOOKMARK [1][-]{section.3.3}{\376\377\177\026\170\001\164\006\213\272\377\032\227\015\131\053\146\374\177\026\170\001\116\016\171\076\117\032\122\006\134\102}{chapter.3}% 14
\BOOKMARK [2][-]{subsection.3.3.1}{\376\377\232\330\230\221\117\177\165\050\167\355\177\026\170\001\377\010\116\140\140\357\000/\166\364\211\311\377\011}{section.3.3}% 15
\BOOKMARK [2][-]{subsection.3.3.2}{\376\377\117\116\230\221\117\177\165\050\225\177\177\026\170\001\377\010\154\325\137\213\000/\220\073\217\221\377\011}{section.3.3}% 16
\BOOKMARK [-1][-]{part.2}{\376\377\000I\000I\000\040\122\035\131\313\217\223\121\145\377\032\127\060\164\006\116\016\123\206\123\362\166\204\137\305\161\066\140\047\000\040\000\050\000T\000h\000e\000\040\000G\000e\000o\000l\000o\000g\000i\000c\000s\000\051}{}% 17
\BOOKMARK [0][-]{chapter.4}{\376\377\125\057\162\151\123\362\211\302\166\204\127\372\167\363\377\032\127\060\164\006\121\263\133\232\213\272}{part.2}% 18
\BOOKMARK [1][-]{section.4.1}{\376\377\126\340\147\234\224\376\147\141\166\204\126\336\156\257\377\032\123\362\211\302\166\204\134\102\176\247}{chapter.4}% 19
\BOOKMARK [2][-]{subsection.4.1.1}{\376\377\123\315\232\163\145\207\123\026\121\263\133\232\213\272\377\032\145\207\123\026\146\057\147\234\116\015\146\057\126\340}{section.4.1}% 20
\BOOKMARK [2][-]{subsection.4.1.2}{\376\377\127\060\164\006\163\257\130\203\117\134\116\072\116\015\123\357\123\330\146\364\166\204\122\035\131\313\147\141\116\366}{section.4.1}% 21
\BOOKMARK [1][-]{section.4.2}{\376\377\150\110\117\213\122\006\147\220\377\032\116\034\211\177\145\271\131\047\122\006\155\101\166\204\127\060\164\006\150\071\156\220}{chapter.4}% 22
\BOOKMARK [2][-]{subsection.4.2.1}{\376\377\154\273\154\064\116\016\121\234\116\032\377\032\116\055\131\056\226\306\147\103\166\204\127\060\164\006\137\305\161\066\140\047}{section.4.2}% 23
\BOOKMARK [2][-]{subsection.4.2.2}{\376\377\170\064\170\216\155\167\134\270\116\016\215\070\146\023\377\032\122\006\147\103\116\016\131\121\176\246\166\204\127\060\164\006\137\305\161\066\140\047}{section.4.2}% 24
\BOOKMARK [0][-]{chapter.5}{\376\377\165\037\133\130\173\126\165\145\166\204\122\006\123\026\377\032\131\047\116\000\176\337\116\016\170\216\162\107\123\026}{part.2}% 25
\BOOKMARK [1][-]{section.5.1}{\376\377\116\055\131\056\226\306\147\103\377\032\117\134\116\072\116\000\171\315\226\115\117\116\121\205\220\350\116\244\146\023\142\020\147\054\166\204\211\343\154\325}{chapter.5}% 26
\BOOKMARK [1][-]{section.5.2}{\376\377\140\035\140\363\143\247\122\066\166\204\137\305\161\066\140\047\143\250\133\374}{chapter.5}% 27
\BOOKMARK [2][-]{subsection.5.2.1}{\376\377\220\073\217\221\143\250\133\374\377\032\226\306\147\103\000\040\000\040\176\337\116\000\214\003\136\246\000\040\000\040\176\337\116\000\140\035\140\363\000\040\000\040\142\221\122\066\137\002\172\357}{section.5.2}% 28
\BOOKMARK [2][-]{subsection.5.2.2}{\376\377\217\331\136\166\227\136\140\166\141\017\377\014\200\014\146\057\174\373\176\337\176\364\143\001\040\034\117\116\161\265\140\001\040\035\166\204\200\375\200\027\147\000\117\030\211\343}{section.5.2}% 29
\BOOKMARK [1][-]{section.5.3}{\376\377\120\107\213\276\123\315\213\301\377\032\131\202\147\234\116\015\146\057\127\060\164\006\163\257\130\203\377\037}{chapter.5}% 30
\BOOKMARK [2][-]{subsection.5.3.1}{\376\377\127\372\116\216\147\141\116\366\151\202\163\207\166\204\040\034\147\266\172\172\143\250\157\024\040\035}{section.5.3}% 31
\BOOKMARK [-1][-]{part.3}{\376\377\000I\000I\000I\000\040\174\373\176\337\134\125\137\000\377\032\176\317\155\116\060\001\145\207\123\026\116\016\145\077\154\273\000\040\000\050\000T\000h\000e\000\040\000S\000t\000r\000u\000c\000t\000u\000r\000e\000\051}{}% 32
\BOOKMARK [0][-]{chapter.6}{\376\377\162\151\215\050\122\006\145\057\377\032\176\317\155\116\127\372\170\100}{part.3}% 33
\BOOKMARK [1][-]{section.6.1}{\376\377\117\233\154\102\121\163\174\373\116\016\116\367\120\074\213\244\124\014}{chapter.6}% 34
\BOOKMARK [1][-]{section.6.2}{\376\377\116\015\133\371\171\360\117\341\140\157\377\032\125\106\116\032\122\051\155\246\166\204\147\145\156\220}{chapter.6}% 35
\BOOKMARK [1][-]{section.6.3}{\376\377\131\032\221\321\207\215\116\247\124\301\377\032\116\272\116\072\122\066\220\040\166\204\040\034\131\015\147\102\177\026\170\001\040\035}{chapter.6}% 36
\BOOKMARK [0][-]{chapter.7}{\376\377\141\017\213\306\122\006\145\057\000\040\000I\377\032\145\207\123\026\116\016\154\021\225\364\122\066\136\246}{part.3}% 37
\BOOKMARK [1][-]{section.7.1}{\376\377\145\207\123\026\117\134\116\072\116\000\171\315\173\227\154\325\377\032\117\116\142\020\147\054\166\204\121\263\173\126\217\205\122\251}{chapter.7}% 38
\BOOKMARK [1][-]{section.7.2}{\376\377\220\123\137\267\116\016\230\316\117\327\377\032\232\330\230\221\210\114\116\072\166\204\167\355\177\026\170\001\123\026}{chapter.7}% 39
\BOOKMARK [1][-]{section.7.3}{\376\377\152\041\126\340\117\040\144\255\377\032\116\015\225\356\133\371\225\031\377\014\123\352\225\356\137\072\136\246}{chapter.7}% 40
\BOOKMARK [0][-]{chapter.8}{\376\377\141\017\213\306\122\006\145\057\000\040\000I\000I\377\032\145\077\154\273\116\016\147\103\122\233\176\323\147\204}{part.3}% 41
\BOOKMARK [1][-]{section.8.1}{\376\377\147\103\122\233\166\204\147\054\215\050\377\032\133\371\200\114\200\375\124\175\116\344\166\204\213\244\124\014}{chapter.8}% 42
\BOOKMARK [1][-]{section.8.2}{\376\377\176\304\176\307\166\204\142\275\214\141\377\032\116\316\116\052\116\272\233\105\122\233\122\060\147\072\147\204\147\103\132\001}{chapter.8}% 43
\BOOKMARK [1][-]{section.8.3}{\376\377\123\132\137\010\116\016\122\066\210\141\377\032\147\103\122\233\174\373\176\337\166\204\122\250\122\233\133\146}{chapter.8}% 44
\BOOKMARK [0][-]{chapter.9}{\376\377\122\066\136\246\166\204\176\310\147\201\137\142\140\001\377\032\154\325\137\213}{part.3}% 45
\BOOKMARK [1][-]{section.9.1}{\376\377\154\325\137\213\166\204\123\330\225\177\177\026\170\001\134\136\140\047}{chapter.9}% 46
\BOOKMARK [2][-]{subsection.9.1.1}{\376\377\116\072\116\300\116\110\154\325\137\213\147\141\145\207\137\305\230\173\121\227\225\177\377\037\377\010\116\072\116\206\121\317\134\021\153\147\116\111\000/\122\006\174\173\213\357\135\356\377\011}{section.9.1}% 47
\BOOKMARK [1][-]{section.9.2}{\376\377\215\043\116\373\166\204\137\122\126\340\377\032\127\372\116\216\147\141\116\366\151\202\163\207\166\204\133\232\215\043\220\073\217\221}{chapter.9}% 48
\BOOKMARK [2][-]{subsection.9.2.1}{\376\377\126\336\230\176\000S\000b\000b\000m\213\250\213\272\377\032\131\032\224\376\147\141\126\340\147\234\166\204\145\160\133\146\131\004\164\006}{section.9.2}% 49
\BOOKMARK [0][-]{chapter*.2}{\376\377\176\323\213\355\377\032\137\252\163\257\166\204\225\355\124\010}{part.3}% 50
\BOOKMARK [1][-]{section.9.3}{\376\377\116\272\133\232\200\334\131\051\377\037\171\076\117\032\174\373\176\337\133\371\122\035\131\313\147\141\116\366\166\204\117\356\153\143}{chapter*.2}% 51
\BOOKMARK [1][-]{section.9.4}{\376\377\145\260\166\204\137\252\163\257\377\032\142\200\147\057\117\134\116\072\145\260\166\204\123\330\221\317}{chapter*.2}% 52
\BOOKMARK [-1][-]{part.4}{\376\377\000I\000V\000\040\226\104\137\125\377\032\145\160\133\146\135\345\121\167\173\261\116\016\123\302\200\003\145\207\163\056}{}% 53
\BOOKMARK [0][-]{appendix*.3}{\376\377\213\346\176\306\145\160\133\146\143\250\133\374}{part.4}% 54
\BOOKMARK [1][-]{section.Alph0.1}{\376\377\123\330\225\177\177\026\170\001\116\016\161\265\166\204\213\241\173\227\176\306\202\202}{appendix*.3}% 55
\BOOKMARK [1][-]{section.Alph0.2}{\376\377\122\250\122\233\133\146\145\271\172\013\166\204\172\063\133\232\140\047\213\301\146\016}{appendix*.3}% 56
