\BOOKMARK [0][-]{chapter.1}{\376\377\176\323\147\204\116\016\145\110\163\207\377\032\165\037\133\130\166\204\162\151\164\006\133\146}{}% 1
\BOOKMARK [1][-]{section.1.1}{\376\377\201\352\161\066\220\011\142\351\117\134\116\072\217\307\156\344\126\150}{chapter.1}% 2
\BOOKMARK [2][-]{subsection.1.1.1}{\376\377\116\015\146\057\220\011\142\351\147\000\117\030\377\014\200\014\146\057\155\330\154\160\116\015\123\357\210\114}{section.1.1}% 3
\BOOKMARK [2][-]{subsection.1.1.2}{\376\377\217\307\156\344\226\010\120\074\116\016\123\312\150\074\176\277\176\323\147\204}{section.1.1}% 4
\BOOKMARK [1][-]{section.1.2}{\376\377\176\323\147\204\116\072\116\300\116\110\117\032\116\247\165\037\145\110\163\207}{chapter.1}% 5
\BOOKMARK [2][-]{subsection.1.2.1}{\376\377\116\072\116\300\116\110\165\131\116\013\147\145\166\204\377\014\137\200\137\200\146\057\147\011\134\102\176\247\166\204\377\037}{section.1.2}% 6
\BOOKMARK [2][-]{subsection.1.2.2}{\376\377\145\110\163\207\116\015\146\057\210\253\217\375\154\102\166\204\166\356\150\007\377\014\200\014\146\057\122\157\116\247\162\151}{section.1.2}% 7
\BOOKMARK [2][-]{subsection.1.2.3}{\376\377\116\072\116\300\116\110\167\013\215\167\147\145\117\116\145\110\166\204\176\323\147\204\217\330\200\375\225\177\147\037\133\130\127\050\377\037}{section.1.2}% 8
\BOOKMARK [1][-]{section.1.3}{\376\377\145\110\163\207\166\204\116\343\116\367\377\032\176\323\147\204\120\365\123\026}{chapter.1}% 9
\BOOKMARK [1][-]{section.1.4}{\376\377\145\110\163\207\166\204\116\343\116\367\377\032\176\323\147\204\120\365\123\026}{chapter.1}% 10
\BOOKMARK [2][-]{subsection.1.4.1}{\376\377\215\167\160\271\377\032\173\200\123\125\176\323\147\204\166\204\232\330\220\002\136\224\140\047}{section.1.4}% 11
\BOOKMARK [2][-]{subsection.1.4.2}{\376\377\142\151\137\040\377\032\211\304\152\041\217\353\117\177\131\015\147\102\123\026}{section.1.4}% 12
\BOOKMARK [2][-]{subsection.1.4.3}{\376\377\150\041\153\143\147\072\122\066\166\204\123\340\122\240\377\032\176\323\147\204\137\000\131\313\176\364\142\244\201\352\216\253}{section.1.4}% 13
\BOOKMARK [2][-]{subsection.1.4.4}{\376\377\176\323\147\204\120\365\123\026\377\032\116\000\116\052\133\232\116\111}{section.1.4}% 14
\BOOKMARK [2][-]{subsection.1.4.5}{\376\377\127\037\127\060\121\174\136\166\377\032\121\215\122\006\221\115\147\072\122\066\131\061\145\110\166\204\117\341\123\367}{section.1.4}% 15
\BOOKMARK [2][-]{subsection.1.4.6}{\376\377\123\206\123\362\124\150\147\037\137\213\377\032\176\323\147\204\166\204\156\005\173\227\147\072\122\066}{section.1.4}% 16
\BOOKMARK [2][-]{subsection.1.4.7}{\376\377\217\307\156\041\377\032\176\323\147\204\146\057\124\046\123\352\200\375\135\051\156\203\377\037}{section.1.4}% 17
\BOOKMARK [1][-]{section.1.5}{\376\377\165\037\124\175\116\072\117\125\131\202\153\144\131\015\147\102\377\037}{chapter.1}% 18
\BOOKMARK [2][-]{subsection.1.5.1}{\376\377\123\125\176\306\200\336\135\362\176\317\215\263\131\037\116\206\124\027\377\037}{section.1.5}% 19
\BOOKMARK [2][-]{subsection.1.5.2}{\376\377\122\006\135\345\377\032\131\015\147\102\123\026\166\204\232\161\122\250\122\233}{section.1.5}% 20
\BOOKMARK [2][-]{subsection.1.5.3}{\376\377\131\015\147\102\166\204\116\343\116\367}{section.1.5}% 21
\BOOKMARK [2][-]{subsection.1.5.4}{\376\377\165\037\162\151\166\204\176\323\147\204\137\071\140\047}{section.1.5}% 22
\BOOKMARK [2][-]{subsection.1.5.5}{\376\377\176\337\116\000\211\306\211\322\377\032\131\015\147\102\060\001\145\110\163\207\116\016\226\120\122\066}{section.1.5}% 23
\BOOKMARK [1][-]{section*.11}{\376\377\134\017\176\323\377\032\176\323\147\204\136\166\227\136\117\030\122\243\377\014\200\014\146\057\133\130\155\073\147\141\116\366}{chapter.1}% 24
